app/build/intermediates/manifest_merge_blame_file/debug/manifest-merger-blame-debug-report.txt
1<?xml version="1.0" encoding="utf-8"?>
2<manifest xmlns:android="http://schemas.android.com/apk/res/android"
3    package="com.game.carorder"
4    android:versionCode="1"
5    android:versionName="1.0" >
6
7    <uses-sdk
8        android:minSdkVersion="21"
8-->src\main\AndroidManifest.xml
9        android:targetSdkVersion="32" />
9-->src\main\AndroidManifest.xml
10
11    <application
11-->src\main\AndroidManifest.xml:5:5-37:19
12        android:name="com.game.carorder.App"
12-->src\main\AndroidManifest.xml:6:9-28
13        android:allowBackup="true"
13-->src\main\AndroidManifest.xml:7:9-35
14        android:appComponentFactory="androidx.core.app.CoreComponentFactory"
14-->[androidx.core:core:1.5.0] AndroidManifest.xml:24:18-86
15        android:debuggable="true"
16        android:icon="@mipmap/ic_launcher"
16-->src\main\AndroidManifest.xml:8:9-43
17        android:label="@string/app_name"
17-->src\main\AndroidManifest.xml:9:9-41
18        android:roundIcon="@mipmap/ic_launcher_round"
18-->src\main\AndroidManifest.xml:10:9-54
19        android:supportsRtl="true"
19-->src\main\AndroidManifest.xml:11:9-35
20        android:testOnly="true"
21        android:theme="@style/Theme.CarOrder" >
21-->src\main\AndroidManifest.xml:12:9-46
22        <activity
22-->src\main\AndroidManifest.xml:13:9-15:40
23            android:name="com.game.carorder.activity.OrderDetailActivity"
23-->src\main\AndroidManifest.xml:14:13-57
24            android:exported="false" />
24-->src\main\AndroidManifest.xml:15:13-37
25        <activity
25-->src\main\AndroidManifest.xml:16:9-18:40
26            android:name="com.game.carorder.activity.AddOrderStep2Activity"
26-->src\main\AndroidManifest.xml:17:13-59
27            android:exported="false" />
27-->src\main\AndroidManifest.xml:18:13-37
28        <activity
28-->src\main\AndroidManifest.xml:19:9-21:40
29            android:name="com.game.carorder.activity.AddOrderStep1Activity"
29-->src\main\AndroidManifest.xml:20:13-59
30            android:exported="false" />
30-->src\main\AndroidManifest.xml:21:13-37
31        <activity
31-->src\main\AndroidManifest.xml:22:9-24:39
32            android:name="com.game.carorder.activity.SignActivity"
32-->src\main\AndroidManifest.xml:23:13-50
33            android:exported="true" />
33-->src\main\AndroidManifest.xml:24:13-36
34        <activity
34-->src\main\AndroidManifest.xml:25:9-33:20
35            android:name="com.game.carorder.activity.LoginActivity"
35-->src\main\AndroidManifest.xml:26:13-51
36            android:exported="true" >
36-->src\main\AndroidManifest.xml:27:13-36
37            <intent-filter>
37-->src\main\AndroidManifest.xml:28:13-32:29
38                <action android:name="android.intent.action.MAIN" />
38-->src\main\AndroidManifest.xml:29:17-69
38-->src\main\AndroidManifest.xml:29:25-66
39
40                <category android:name="android.intent.category.LAUNCHER" />
40-->src\main\AndroidManifest.xml:31:17-77
40-->src\main\AndroidManifest.xml:31:27-74
41            </intent-filter>
42        </activity>
43        <activity
43-->src\main\AndroidManifest.xml:34:9-36:39
44            android:name="com.game.carorder.activity.MainActivity"
44-->src\main\AndroidManifest.xml:35:13-50
45            android:exported="true" />
45-->src\main\AndroidManifest.xml:36:13-36
46    </application>
47
48</manifest>